0 info it worked if it ends with ok
1 verbose cli [ '/home/ubuntu/.nvm/v0.10.35/bin/node',
1 verbose cli   '/home/ubuntu/.nvm/v0.10.35/bin/npm',
1 verbose cli   'install' ]
2 info using npm@1.4.28
3 info using node@v0.10.35
4 warn package.json node-api@ No repository field.
5 verbose readDependencies using package.json deps
6 verbose install where, deps [ '/home/ubuntu/workspace',
6 verbose install   [ 'express', 'orm', 'body-parser' ] ]
7 info preinstall node-api@
8 verbose readDependencies using package.json deps
9 verbose cache add [ 'orm@~3.6.13', null ]
10 verbose cache add name=undefined spec="orm@~3.6.13" args=["orm@~3.6.13",null]
11 verbose parsed url { protocol: null,
11 verbose parsed url   slashes: null,
11 verbose parsed url   auth: null,
11 verbose parsed url   host: null,
11 verbose parsed url   port: null,
11 verbose parsed url   hostname: null,
11 verbose parsed url   hash: null,
11 verbose parsed url   search: null,
11 verbose parsed url   query: null,
11 verbose parsed url   pathname: 'orm@~3.6.13',
11 verbose parsed url   path: 'orm@~3.6.13',
11 verbose parsed url   href: 'orm@~3.6.13' }
12 verbose cache add [ 'body-parser@~1.0.1', null ]
13 verbose cache add name=undefined spec="body-parser@~1.0.1" args=["body-parser@~1.0.1",null]
14 verbose parsed url { protocol: null,
14 verbose parsed url   slashes: null,
14 verbose parsed url   auth: null,
14 verbose parsed url   host: null,
14 verbose parsed url   port: null,
14 verbose parsed url   hostname: null,
14 verbose parsed url   hash: null,
14 verbose parsed url   search: null,
14 verbose parsed url   query: null,
14 verbose parsed url   pathname: 'body-parser@~1.0.1',
14 verbose parsed url   path: 'body-parser@~1.0.1',
14 verbose parsed url   href: 'body-parser@~1.0.1' }
15 verbose cache add [ 'express@~4.0.0', null ]
16 verbose cache add name=undefined spec="express@~4.0.0" args=["express@~4.0.0",null]
17 verbose parsed url { protocol: null,
17 verbose parsed url   slashes: null,
17 verbose parsed url   auth: null,
17 verbose parsed url   host: null,
17 verbose parsed url   port: null,
17 verbose parsed url   hostname: null,
17 verbose parsed url   hash: null,
17 verbose parsed url   search: null,
17 verbose parsed url   query: null,
17 verbose parsed url   pathname: 'express@~4.0.0',
17 verbose parsed url   path: 'express@~4.0.0',
17 verbose parsed url   href: 'express@~4.0.0' }
18 verbose cache add name="orm" spec="~3.6.13" args=["orm","~3.6.13"]
19 verbose parsed url { protocol: null,
19 verbose parsed url   slashes: null,
19 verbose parsed url   auth: null,
19 verbose parsed url   host: null,
19 verbose parsed url   port: null,
19 verbose parsed url   hostname: null,
19 verbose parsed url   hash: null,
19 verbose parsed url   search: null,
19 verbose parsed url   query: null,
19 verbose parsed url   pathname: '~3.6.13',
19 verbose parsed url   path: '~3.6.13',
19 verbose parsed url   href: '~3.6.13' }
20 verbose addNamed [ 'orm', '~3.6.13' ]
21 verbose addNamed [ null, '>=3.6.13-0 <3.7.0-0' ]
22 verbose cache add name="body-parser" spec="~1.0.1" args=["body-parser","~1.0.1"]
23 verbose parsed url { protocol: null,
23 verbose parsed url   slashes: null,
23 verbose parsed url   auth: null,
23 verbose parsed url   host: null,
23 verbose parsed url   port: null,
23 verbose parsed url   hostname: null,
23 verbose parsed url   hash: null,
23 verbose parsed url   search: null,
23 verbose parsed url   query: null,
23 verbose parsed url   pathname: '~1.0.1',
23 verbose parsed url   path: '~1.0.1',
23 verbose parsed url   href: '~1.0.1' }
24 verbose addNamed [ 'body-parser', '~1.0.1' ]
25 verbose addNamed [ null, '>=1.0.1-0 <1.1.0-0' ]
26 verbose cache add name="express" spec="~4.0.0" args=["express","~4.0.0"]
27 verbose parsed url { protocol: null,
27 verbose parsed url   slashes: null,
27 verbose parsed url   auth: null,
27 verbose parsed url   host: null,
27 verbose parsed url   port: null,
27 verbose parsed url   hostname: null,
27 verbose parsed url   hash: null,
27 verbose parsed url   search: null,
27 verbose parsed url   query: null,
27 verbose parsed url   pathname: '~4.0.0',
27 verbose parsed url   path: '~4.0.0',
27 verbose parsed url   href: '~4.0.0' }
28 verbose addNamed [ 'express', '~4.0.0' ]
29 verbose addNamed [ null, '>=4.0.0-0 <4.1.0-0' ]
30 silly lockFile 8d9f7dba-orm-3-6-13 orm@~3.6.13
31 verbose lock orm@~3.6.13 /home/ubuntu/.npm/8d9f7dba-orm-3-6-13.lock
32 silly lockFile ed7f1d4f-body-parser-1-0-1 body-parser@~1.0.1
33 verbose lock body-parser@~1.0.1 /home/ubuntu/.npm/ed7f1d4f-body-parser-1-0-1.lock
34 silly lockFile 9dcfb469-express-4-0-0 express@~4.0.0
35 verbose lock express@~4.0.0 /home/ubuntu/.npm/9dcfb469-express-4-0-0.lock
36 silly addNameRange { name: 'orm', range: '>=3.6.13-0 <3.7.0-0', hasData: false }
37 silly addNameRange { name: 'body-parser',
37 silly addNameRange   range: '>=1.0.1-0 <1.1.0-0',
37 silly addNameRange   hasData: false }
38 silly addNameRange { name: 'express', range: '>=4.0.0-0 <4.1.0-0', hasData: false }
39 verbose request where is /orm
40 verbose request registry https://registry.npmjs.org/
41 verbose request id 8fd01f742df3cee6
42 verbose url raw /orm
43 verbose url resolving [ 'https://registry.npmjs.org/', './orm' ]
44 verbose url resolved https://registry.npmjs.org/orm
45 verbose request where is https://registry.npmjs.org/orm
46 info trying registry request attempt 1 at 22:20:10
47 verbose etag "4TAQDOU5HZ3N0VDVV7XHNCRIK"
48 http GET https://registry.npmjs.org/orm
49 verbose request where is /body-parser
50 verbose request registry https://registry.npmjs.org/
51 verbose url raw /body-parser
52 verbose url resolving [ 'https://registry.npmjs.org/', './body-parser' ]
53 verbose url resolved https://registry.npmjs.org/body-parser
54 verbose request where is https://registry.npmjs.org/body-parser
55 info trying registry request attempt 1 at 22:20:10
56 verbose etag "D73RA3ZIGGQ4O8SLF8VGHFEKL"
57 http GET https://registry.npmjs.org/body-parser
58 verbose request where is /express
59 verbose request registry https://registry.npmjs.org/
60 verbose url raw /express
61 verbose url resolving [ 'https://registry.npmjs.org/', './express' ]
62 verbose url resolved https://registry.npmjs.org/express
63 verbose request where is https://registry.npmjs.org/express
64 info trying registry request attempt 1 at 22:20:10
65 verbose etag "BAVBYQZRLS8E6N10PJGSKQMGG"
66 http GET https://registry.npmjs.org/express
67 http 304 https://registry.npmjs.org/orm
68 silly registry.get cb [ 304,
68 silly registry.get   { date: 'Tue, 15 Sep 2015 22:20:10 GMT',
68 silly registry.get     via: '1.1 varnish',
68 silly registry.get     'cache-control': 'max-age=60',
68 silly registry.get     etag: '"4TAQDOU5HZ3N0VDVV7XHNCRIK"',
68 silly registry.get     age: '26',
68 silly registry.get     connection: 'keep-alive',
68 silly registry.get     'x-served-by': 'cache-ord1731-ORD',
68 silly registry.get     'x-cache': 'HIT',
68 silly registry.get     'x-cache-hits': '1',
68 silly registry.get     'x-timer': 'S1442355610.687197,VS0,VE1',
68 silly registry.get     vary: 'Accept' } ]
69 verbose etag https://registry.npmjs.org/orm from cache
70 silly addNameRange number 2 { name: 'orm', range: '>=3.6.13-0 <3.7.0-0', hasData: true }
71 silly addNameRange versions [ 'orm',
71 silly addNameRange   [ '0.1.0',
71 silly addNameRange     '0.1.1',
71 silly addNameRange     '0.1.2',
71 silly addNameRange     '0.1.3',
71 silly addNameRange     '0.1.4',
71 silly addNameRange     '0.1.5',
71 silly addNameRange     '0.1.6',
71 silly addNameRange     '0.1.7',
71 silly addNameRange     '0.1.8',
71 silly addNameRange     '0.1.8-2',
71 silly addNameRange     '0.1.8-3',
71 silly addNameRange     '0.1.8-4',
71 silly addNameRange     '0.1.8-6',
71 silly addNameRange     '0.1.8-7',
71 silly addNameRange     '0.1.8-8',
71 silly addNameRange     '0.1.8-9',
71 silly addNameRange     '0.1.8-10',
71 silly addNameRange     '0.1.8-11',
71 silly addNameRange     '0.1.8-12',
71 silly addNameRange     '2.0.0-alpha1',
71 silly addNameRange     '2.0.0-alpha2',
71 silly addNameRange     '2.0.0-alpha3',
71 silly addNameRange     '2.0.0-alpha4',
71 silly addNameRange     '2.0.0-alpha5',
71 silly addNameRange     '2.0.0-alpha6',
71 silly addNameRange     '2.0.0-alpha7',
71 silly addNameRange     '2.0.0-alpha8',
71 silly addNameRange     '2.0.0-alpha9',
71 silly addNameRange     '2.0.0-alpha10',
71 silly addNameRange     '2.0.0',
71 silly addNameRange     '2.0.1',
71 silly addNameRange     '2.0.2',
71 silly addNameRange     '2.0.3',
71 silly addNameRange     '2.0.4',
71 silly addNameRange     '2.0.5',
71 silly addNameRange     '2.0.6',
71 silly addNameRange     '2.0.7',
71 silly addNameRange     '2.0.8',
71 silly addNameRange     '2.0.9',
71 silly addNameRange     '2.0.10',
71 silly addNameRange     '2.0.11',
71 silly addNameRange     '2.0.12',
71 silly addNameRange     '2.0.13',
71 silly addNameRange     '2.0.14',
71 silly addNameRange     '2.0.15',
71 silly addNameRange     '2.1.0',
71 silly addNameRange     '2.1.1',
71 silly addNameRange     '2.1.2',
71 silly addNameRange     '2.1.3',
71 silly addNameRange     '2.1.4',
71 silly addNameRange     '2.1.5',
71 silly addNameRange     '2.1.6',
71 silly addNameRange     '2.1.7',
71 silly addNameRange     '2.1.8',
71 silly addNameRange     '2.1.9',
71 silly addNameRange     '2.1.10',
71 silly addNameRange     '2.1.11',
71 silly addNameRange     '2.1.12',
71 silly addNameRange     '2.1.13',
71 silly addNameRange     '2.1.14',
71 silly addNameRange     '2.1.15',
71 silly addNameRange     '2.1.16',
71 silly addNameRange     '2.1.17',
71 silly addNameRange     '2.1.18',
71 silly addNameRange     '2.1.19',
71 silly addNameRange     '2.1.20',
71 silly addNameRange     '2.1.21',
71 silly addNameRange     '2.1.22',
71 silly addNameRange     '2.1.23',
71 silly addNameRange     '2.1.24',
71 silly addNameRange     '2.1.25',
71 silly addNameRange     '2.1.26',
71 silly addNameRange     '2.1.27' ] ]
72 silly lockFile 8d9f7dba-orm-3-6-13 orm@~3.6.13
73 silly lockFile 8d9f7dba-orm-3-6-13 orm@~3.6.13
74 http 304 https://registry.npmjs.org/express
75 silly registry.get cb [ 304,
75 silly registry.get   { date: 'Tue, 15 Sep 2015 22:20:10 GMT',
75 silly registry.get     via: '1.1 varnish',
75 silly registry.get     'cache-control': 'max-age=60',
75 silly registry.get     etag: '"BAVBYQZRLS8E6N10PJGSKQMGG"',
75 silly registry.get     age: '15',
75 silly registry.get     connection: 'keep-alive',
75 silly registry.get     'x-served-by': 'cache-ord1724-ORD',
75 silly registry.get     'x-cache': 'HIT',
75 silly registry.get     'x-cache-hits': '2',
75 silly registry.get     'x-timer': 'S1442355610.717223,VS0,VE0',
75 silly registry.get     vary: 'Accept' } ]
76 verbose etag https://registry.npmjs.org/express from cache
77 http 304 https://registry.npmjs.org/body-parser
78 silly registry.get cb [ 304,
78 silly registry.get   { date: 'Tue, 15 Sep 2015 22:20:10 GMT',
78 silly registry.get     via: '1.1 varnish',
78 silly registry.get     'cache-control': 'max-age=60',
78 silly registry.get     etag: '"D73RA3ZIGGQ4O8SLF8VGHFEKL"',
78 silly registry.get     age: '57',
78 silly registry.get     connection: 'keep-alive',
78 silly registry.get     'x-served-by': 'cache-dfw1827-DFW',
78 silly registry.get     'x-cache': 'HIT',
78 silly registry.get     'x-cache-hits': '1',
78 silly registry.get     'x-timer': 'S1442355610.729680,VS0,VE0',
78 silly registry.get     vary: 'Accept' } ]
79 verbose etag https://registry.npmjs.org/body-parser from cache
80 silly addNameRange number 2 { name: 'express', range: '>=4.0.0-0 <4.1.0-0', hasData: true }
81 silly addNameRange versions [ 'express',
81 silly addNameRange   [ '0.14.0',
81 silly addNameRange     '0.14.1',
81 silly addNameRange     '1.0.0',
81 silly addNameRange     '1.0.1',
81 silly addNameRange     '1.0.2',
81 silly addNameRange     '1.0.3',
81 silly addNameRange     '1.0.4',
81 silly addNameRange     '1.0.5',
81 silly addNameRange     '1.0.6',
81 silly addNameRange     '1.0.7',
81 silly addNameRange     '1.0.8',
81 silly addNameRange     '2.0.0',
81 silly addNameRange     '2.1.0',
81 silly addNameRange     '2.1.1',
81 silly addNameRange     '2.2.0',
81 silly addNameRange     '2.2.1',
81 silly addNameRange     '2.2.2',
81 silly addNameRange     '2.3.0',
81 silly addNameRange     '2.3.1',
81 silly addNameRange     '2.3.2',
81 silly addNameRange     '2.3.3',
81 silly addNameRange     '2.3.4',
81 silly addNameRange     '2.3.5',
81 silly addNameRange     '2.3.6',
81 silly addNameRange     '2.3.7',
81 silly addNameRange     '2.3.8',
81 silly addNameRange     '2.3.9',
81 silly addNameRange     '2.3.10',
81 silly addNameRange     '2.3.11',
81 silly addNameRange     '2.3.12',
81 silly addNameRange     '2.4.0',
81 silly addNameRange     '2.4.1',
81 silly addNameRange     '2.4.2',
81 silly addNameRange     '2.4.3',
81 silly addNameRange     '2.4.4',
81 silly addNameRange     '2.4.5',
81 silly addNameRange     '2.4.6',
81 silly addNameRange     '2.4.7',
81 silly addNameRange     '2.5.0',
81 silly addNameRange     '2.5.1',
81 silly addNameRange     '2.5.2',
81 silly addNameRange     '2.5.3',
81 silly addNameRange     '2.5.4',
81 silly addNameRange     '2.5.5',
81 silly addNameRange     '2.5.6',
81 silly addNameRange     '2.5.7',
81 silly addNameRange     '2.5.8',
81 silly addNameRange     '2.5.9',
81 silly addNameRange     '2.5.10',
81 silly addNameRange     '2.5.11',
81 silly addNameRange     '3.0.0',
81 silly addNameRange     '3.0.1',
81 silly addNameRange     '3.0.2',
81 silly addNameRange     '3.0.3',
81 silly addNameRange     '3.0.4',
81 silly addNameRange     '3.0.5',
81 silly addNameRange     '3.0.6',
81 silly addNameRange     '3.1.0',
81 silly addNameRange     '3.1.1',
81 silly addNameRange     '3.1.2',
81 silly addNameRange     '3.2.0',
81 silly addNameRange     '3.2.1',
81 silly addNameRange     '3.2.2',
81 silly addNameRange     '3.2.3',
81 silly addNameRange     '3.2.4',
81 silly addNameRange     '3.2.5',
81 silly addNameRange     '3.2.6',
81 silly addNameRange     '3.3.0',
81 silly addNameRange     '3.3.1',
81 silly addNameRange     '3.3.2',
81 silly addNameRange     '3.3.3',
81 silly addNameRange     '3.3.4',
81 silly addNameRange     '3.3.5',
81 silly addNameRange     '3.3.6',
81 silly addNameRange     '1.0.0-beta',
81 silly addNameRange     '1.0.0-beta2',
81 silly addNameRange     '1.0.0-rc',
81 silly addNameRange     '1.0.0-rc2',
81 silly addNameRange     '1.0.0-rc3',
81 silly addNameRange     '1.0.0-rc4',
81 silly addNameRange     '2.0.0-beta',
81 silly addNameRange     '2.0.0-beta2',
81 silly addNameRange     '2.0.0-beta3',
81 silly addNameRange     '2.0.0-rc',
81 silly addNameRange     '2.0.0-rc2',
81 silly addNameRange     '2.0.0-rc3',
81 silly addNameRange     '3.0.0-alpha1',
81 silly addNameRange     '3.0.0-alpha2',
81 silly addNameRange     '3.0.0-alpha3',
81 silly addNameRange     '3.0.0-alpha4',
81 silly addNameRange     '3.0.0-alpha5',
81 silly addNameRange     '3.0.0-beta1',
81 silly addNameRange     '3.0.0-beta2',
81 silly addNameRange     '3.0.0-beta3',
81 silly addNameRange     '3.0.0-beta4',
81 silly addNameRange     '3.0.0-beta6',
81 silly addNameRange     '3.0.0-beta7',
81 silly addNameRange     '3.0.0-rc1',
81 silly addNameRange     '3.0.0-rc2',
81 silly addNameRange     '3.0.0-rc3',
81 silly addNameRange     '3.0.0-rc4',
81 silly addNameRange     '3.0.0-rc5',
81 silly addNameRange     '3.3.7',
81 silly addNameRange     '3.3.8',
81 silly addNameRange     '3.4.0',
81 silly addNameRange     '3.4.1',
81 silly addNameRange     '3.4.2',
81 silly addNameRange     '3.4.3',
81 silly addNameRange     '3.4.4',
81 silly addNameRange     '3.4.5',
81 silly addNameRange     '3.4.6',
81 silly addNameRange     '3.4.7',
81 silly addNameRange     '3.4.8',
81 silly addNameRange     '4.0.0-rc1',
81 silly addNameRange     '4.0.0-rc2',
81 silly addNameRange     '3.5.0',
81 silly addNameRange     '4.0.0-rc3',
81 silly addNameRange     '4.0.0-rc4',
81 silly addNameRange     '3.5.1',
81 silly addNameRange     '4.0.0',
81 silly addNameRange     '3.5.2',
81 silly addNameRange     '4.1.0',
81 silly addNameRange     '4.1.1',
81 silly addNameRange     '3.5.3',
81 silly addNameRange     '4.1.2',
81 silly addNameRange     '3.6.0',
81 silly addNameRange     '4.2.0',
81 silly addNameRange     '3.7.0',
81 silly addNameRange     '3.8.0',
81 silly addNameRange     '4.3.0',
81 silly addNameRange     '4.3.1',
81 silly addNameRange     '3.8.1',
81 silly addNameRange     '4.3.2',
81 silly addNameRange     '3.9.0',
81 silly addNameRange     '4.4.0',
81 silly addNameRange     '4.4.1',
81 silly addNameRange     '3.10.0',
81 silly addNameRange     '3.10.1',
81 silly addNameRange     '3.10.2',
81 silly addNameRange     '3.10.3',
81 silly addNameRange     '3.10.4',
81 silly addNameRange     '4.4.2',
81 silly addNameRange     '3.10.5',
81 silly addNameRange     '4.4.3',
81 silly addNameRange     '3.11.0',
81 silly addNameRange     '4.4.4',
81 silly addNameRange     '3.12.0',
81 silly addNameRange     '3.12.1',
81 silly addNameRange     '4.4.5',
81 silly addNameRange     '3.13.0',
81 silly addNameRange     '4.5.0',
81 silly addNameRange     '4.5.1',
81 silly addNameRange     '3.14.0',
81 silly addNameRange     '4.6.0',
81 silly addNameRange     '4.6.1',
81 silly addNameRange     '3.15.0',
81 silly addNameRange     '4.7.0',
81 silly addNameRange     '3.15.1',
81 silly addNameRange     '4.7.1',
81 silly addNameRange     '3.15.2',
81 silly addNameRange     '4.7.2',
81 silly addNameRange     '4.7.3',
81 silly addNameRange     '3.15.3',
81 silly addNameRange     '4.7.4',
81 silly addNameRange     '3.16.0',
81 silly addNameRange     '4.8.0',
81 silly addNameRange     '3.16.1',
81 silly addNameRange     '4.8.1',
81 silly addNameRange     '3.16.2',
81 silly addNameRange     '4.8.2',
81 silly addNameRange     '3.16.3',
81 silly addNameRange     '3.16.4',
81 silly addNameRange     '4.8.3',
81 silly addNameRange     '3.16.5',
81 silly addNameRange     '3.16.6',
81 silly addNameRange     '4.8.4',
81 silly addNameRange     '3.16.7',
81 silly addNameRange     '4.8.5',
81 silly addNameRange     '3.16.8',
81 silly addNameRange     '4.8.6',
81 silly addNameRange     '3.16.9',
81 silly addNameRange     '4.8.7',
81 silly addNameRange     '3.16.10',
81 silly addNameRange     '4.8.8',
81 silly addNameRange     '3.17.0',
81 silly addNameRange     '3.17.1',
81 silly addNameRange     '4.9.0',
81 silly addNameRange     '3.17.2',
81 silly addNameRange     '4.9.1',
81 silly addNameRange     '4.9.2',
81 silly addNameRange     '3.17.3',
81 silly addNameRange     '4.9.3',
81 silly addNameRange     '3.17.4',
81 silly addNameRange     '4.9.4',
81 silly addNameRange     '3.17.5',
81 silly addNameRange     '4.9.5',
81 silly addNameRange     '3.17.6',
81 silly addNameRange     '3.17.7',
81 silly addNameRange     '4.9.6',
81 silly addNameRange     '4.9.7',
81 silly addNameRange     '3.17.8',
81 silly addNameRange     '4.9.8',
81 silly addNameRange     '3.18.0',
81 silly addNameRange     '3.18.1',
81 silly addNameRange     '4.10.0',
81 silly addNameRange     '3.18.2',
81 silly addNameRange     '4.10.1',
81 silly addNameRange     '5.0.0-alpha.1',
81 silly addNameRange     '3.18.3',
81 silly addNameRange     '4.10.2',
81 silly addNameRange     '3.18.4',
81 silly addNameRange     '4.10.3',
81 silly addNameRange     '4.10.4',
81 silly addNameRange     '4.10.5',
81 silly addNameRange     '3.18.5',
81 silly addNameRange     '3.18.6',
81 silly addNameRange     '4.10.6',
81 silly addNameRange     '4.10.7',
81 silly addNameRange     '3.19.0',
81 silly addNameRange     '4.10.8',
81 silly addNameRange     '4.11.0',
81 silly addNameRange     '3.19.1',
81 silly addNameRange     '4.11.1',
81 silly addNameRange     '3.19.2',
81 silly addNameRange     '4.11.2',
81 silly addNameRange     '3.20.0',
81 silly addNameRange     '4.12.0',
81 silly addNameRange     '3.20.1',
81 silly addNameRange     '4.12.1',
81 silly addNameRange     '4.12.2',
81 silly addNameRange     '3.20.2',
81 silly addNameRange     '4.12.3',
81 silly addNameRange     '3.20.3',
81 silly addNameRange     '4.12.4',
81 silly addNameRange     '3.21.0',
81 silly addNameRange     '4.13.0',
81 silly addNameRange     '3.21.1',
81 silly addNameRange     '4.13.1',
81 silly addNameRange     '5.0.0-alpha.2',
81 silly addNameRange     '3.21.2',
81 silly addNameRange     '4.13.2',
81 silly addNameRange     '4.13.3' ] ]
82 verbose addNamed [ 'express', '4.0.0' ]
83 verbose addNamed [ '4.0.0', '4.0.0' ]
84 silly lockFile 5b69df19-express-4-0-0 express@4.0.0
85 verbose lock express@4.0.0 /home/ubuntu/.npm/5b69df19-express-4-0-0.lock
86 silly addNameRange number 2 { name: 'body-parser',
86 silly addNameRange   range: '>=1.0.1-0 <1.1.0-0',
86 silly addNameRange   hasData: true }
87 silly addNameRange versions [ 'body-parser',
87 silly addNameRange   [ '1.0.0',
87 silly addNameRange     '1.0.1',
87 silly addNameRange     '1.0.2',
87 silly addNameRange     '1.1.0',
87 silly addNameRange     '1.1.1',
87 silly addNameRange     '1.1.2',
87 silly addNameRange     '1.2.0',
87 silly addNameRange     '1.2.1',
87 silly addNameRange     '1.2.2',
87 silly addNameRange     '1.3.0',
87 silly addNameRange     '1.3.1',
87 silly addNameRange     '1.4.0',
87 silly addNameRange     '1.4.1',
87 silly addNameRange     '1.4.2',
87 silly addNameRange     '1.4.3',
87 silly addNameRange     '1.5.0',
87 silly addNameRange     '1.5.1',
87 silly addNameRange     '1.5.2',
87 silly addNameRange     '1.6.0',
87 silly addNameRange     '1.6.1',
87 silly addNameRange     '1.6.2',
87 silly addNameRange     '1.6.3',
87 silly addNameRange     '1.6.4',
87 silly addNameRange     '1.6.5',
87 silly addNameRange     '1.6.6',
87 silly addNameRange     '1.6.7',
87 silly addNameRange     '1.7.0',
87 silly addNameRange     '1.8.0',
87 silly addNameRange     '1.8.1',
87 silly addNameRange     '1.8.2',
87 silly addNameRange     '1.8.3',
87 silly addNameRange     '1.8.4',
87 silly addNameRange     '1.9.0',
87 silly addNameRange     '1.9.1',
87 silly addNameRange     '1.9.2',
87 silly addNameRange     '1.9.3',
87 silly addNameRange     '1.10.0',
87 silly addNameRange     '1.10.1',
87 silly addNameRange     '1.10.2',
87 silly addNameRange     '1.11.0',
87 silly addNameRange     '1.12.0',
87 silly addNameRange     '1.12.1',
87 silly addNameRange     '1.12.2',
87 silly addNameRange     '1.12.3',
87 silly addNameRange     '1.12.4',
87 silly addNameRange     '1.13.0',
87 silly addNameRange     '1.13.1',
87 silly addNameRange     '1.13.2',
87 silly addNameRange     '1.13.3' ] ]
88 verbose addNamed [ 'body-parser', '1.0.2' ]
89 verbose addNamed [ '1.0.2', '1.0.2' ]
90 silly lockFile bc6ccf3b-body-parser-1-0-2 body-parser@1.0.2
91 verbose lock body-parser@1.0.2 /home/ubuntu/.npm/bc6ccf3b-body-parser-1-0-2.lock
92 silly lockFile 5b69df19-express-4-0-0 express@4.0.0
93 silly lockFile 5b69df19-express-4-0-0 express@4.0.0
94 silly lockFile 9dcfb469-express-4-0-0 express@~4.0.0
95 silly lockFile 9dcfb469-express-4-0-0 express@~4.0.0
96 silly lockFile bc6ccf3b-body-parser-1-0-2 body-parser@1.0.2
97 silly lockFile bc6ccf3b-body-parser-1-0-2 body-parser@1.0.2
98 silly lockFile ed7f1d4f-body-parser-1-0-1 body-parser@~1.0.1
99 silly lockFile ed7f1d4f-body-parser-1-0-1 body-parser@~1.0.1
100 error notarget No compatible version found: orm@'>=3.6.13-0 <3.7.0-0'
100 error notarget Valid install targets:
100 error notarget ["0.1.0","0.1.1","0.1.2","0.1.3","0.1.4","0.1.5","0.1.6","0.1.7","0.1.8","0.1.8-2","0.1.8-3","0.1.8-4","0.1.8-6","0.1.8-7","0.1.8-8","0.1.8-9","0.1.8-10","0.1.8-11","0.1.8-12","2.0.0-alpha1","2.0.0-alpha2","2.0.0-alpha3","2.0.0-alpha4","2.0.0-alpha5","2.0.0-alpha6","2.0.0-alpha7","2.0.0-alpha8","2.0.0-alpha9","2.0.0-alpha10","2.0.0","2.0.1","2.0.2","2.0.3","2.0.4","2.0.5","2.0.6","2.0.7","2.0.8","2.0.9","2.0.10","2.0.11","2.0.12","2.0.13","2.0.14","2.0.15","2.1.0","2.1.1","2.1.2","2.1.3","2.1.4","2.1.5","2.1.6","2.1.7","2.1.8","2.1.9","2.1.10","2.1.11","2.1.12","2.1.13","2.1.14","2.1.15","2.1.16","2.1.17","2.1.18","2.1.19","2.1.20","2.1.21","2.1.22","2.1.23","2.1.24","2.1.25","2.1.26","2.1.27"]
100 error notarget
100 error notarget This is most likely not a problem with npm itself.
100 error notarget In most cases you or one of your dependencies are requesting
100 error notarget a package version that doesn't exist.
101 error System Linux 3.14.13-c9
102 error command "/home/ubuntu/.nvm/v0.10.35/bin/node" "/home/ubuntu/.nvm/v0.10.35/bin/npm" "install"
103 error cwd /home/ubuntu/workspace
104 error node -v v0.10.35
105 error npm -v 1.4.28
106 error code ETARGET
107 verbose exit [ 1, true ]
